\BOOKMARK [0][-]{chapter*.1}{Abstract}{}% 1
\BOOKMARK [0][-]{chapter*.3}{Related Publications}{}% 2
\BOOKMARK [0][-]{chapter.1}{Introduction}{}% 3
\BOOKMARK [1][-]{section.1.1}{Terminology}{chapter.1}% 4
\BOOKMARK [1][-]{section.1.2}{Quick Start}{chapter.1}% 5
\BOOKMARK [0][-]{chapter.2}{GSN Architecture}{}% 6
\BOOKMARK [1][-]{section.2.1}{Data Acquisition}{chapter.2}% 7
\BOOKMARK [2][-]{subsection.2.1.1}{GSN Wrappers }{section.2.1}% 8
\BOOKMARK [1][-]{section.2.2}{Data Filtering and Processing}{chapter.2}% 9
\BOOKMARK [2][-]{subsection.2.2.1}{Virtual Sensors}{section.2.2}% 10
\BOOKMARK [1][-]{section.2.3}{Data publishing}{chapter.2}% 11
\BOOKMARK [2][-]{subsection.2.3.1}{Web Interface}{section.2.3}% 12
\BOOKMARK [1][-]{section.2.4}{Data stream processing and time model}{chapter.2}% 13
\BOOKMARK [1][-]{section.2.5}{GSN to GSN communication Protocol}{chapter.2}% 14
\BOOKMARK [2][-]{subsection.2.5.1}{remote wrapper}{section.2.5}% 15
\BOOKMARK [2][-]{subsection.2.5.2}{local wrapper}{section.2.5}% 16
\BOOKMARK [1][-]{section.2.6}{GSN Notifications}{chapter.2}% 17
\BOOKMARK [1][-]{section.2.7}{Implementation}{chapter.2}% 18
\BOOKMARK [2][-]{subsection.2.7.1}{Adding new sensor platforms}{section.2.7}% 19
\BOOKMARK [2][-]{subsection.2.7.2}{Dynamic resource management}{section.2.7}% 20
\BOOKMARK [2][-]{subsection.2.7.3}{Query planning and execution}{section.2.7}% 21
\BOOKMARK [2][-]{subsection.2.7.4}{Network communication}{section.2.7}% 22
\BOOKMARK [0][-]{appendix.A}{Quick Reference Guide}{}% 23
\BOOKMARK [1][-]{section.A.1}{Virtual Sensors \(VS\)}{appendix.A}% 24
\BOOKMARK [2][-]{subsection.A.1.1}{VSD DTD }{section.A.1}% 25
\BOOKMARK [1][-]{section.A.2}{GSN ANT Tasks }{appendix.A}% 26
\BOOKMARK [0][-]{appendix.B}{GSN Tutorials}{}% 27
\BOOKMARK [1][-]{section.B.1}{Understanding GSN Virtual Sensors}{appendix.B}% 28
\BOOKMARK [2][-]{subsection.B.1.1}{The multiFormatSample Virtual Sensor.}{section.B.1}% 29
\BOOKMARK [2][-]{subsection.B.1.2}{Virtual Sensor Description File }{section.B.1}% 30
\BOOKMARK [2][-]{subsection.B.1.3}{Wrapper}{section.B.1}% 31
\BOOKMARK [2][-]{subsection.B.1.4}{Source}{section.B.1}% 32
\BOOKMARK [2][-]{subsection.B.1.5}{Stream}{section.B.1}% 33
\BOOKMARK [2][-]{subsection.B.1.6}{Virtual Sensor}{section.B.1}% 34
\BOOKMARK [2][-]{subsection.B.1.7}{Summary}{section.B.1}% 35
\BOOKMARK [0][-]{appendix.C}{GSN an Evaluation}{}% 36
\BOOKMARK [1][-]{section.C.1}{Evaluation The evaluation results in this section correspond to GSN release 0.90}{appendix.C}% 37
\BOOKMARK [2][-]{subsection.C.1.1}{Internal processing time}{section.C.1}% 38
\BOOKMARK [2][-]{subsection.C.1.2}{Scalability in the number of queries and clients}{section.C.1}% 39
\BOOKMARK [1][-]{section.C.2}{Related work}{appendix.C}% 40
\BOOKMARK [1][-]{section.C.3}{Conclusions}{appendix.C}% 41
